[0mGET / [32m200[0m 503.391 ms - 9012[0m
[0mGET /js/home_post_comments.js [33m404[0m 54.230 ms - 163[0m
[0mGET /js/home_posts.js [33m404[0m 25.009 ms - 155[0m
[0mGET /js/chat_engine.js [33m404[0m 11.944 ms - 156[0m
[0mGET /js/toogle_likes.js [33m404[0m 25.397 ms - 157[0m
[0mGET /js/home_post_comments.js [33m404[0m 5.379 ms - 163[0m
[0mGET /js/home_posts.js [33m404[0m 4.241 ms - 155[0m
[0mGET /js/toogle_likes.js [33m404[0m 2.199 ms - 157[0m
[0mGET /js/chat_engine.js [33m404[0m 2.569 ms - 156[0m
[0mGET /favicon.ico [33m404[0m 9.886 ms - 150[0m
[0mGET /users/sign-in [36m304[0m 20.772 ms - -[0m
[0mGET /css/layout.css [33m404[0m 7.039 ms - 153[0m
[0mGET /css/header.css [33m404[0m 6.348 ms - 153[0m
[0mGET /css/footer.css [33m404[0m 6.748 ms - 153[0m
[0mGET /users/auth/google [36m302[0m 15.411 ms - 0[0m
[0mGET /users/sign-in [36m304[0m 43.906 ms - -[0m
[0mGET /css/layout.css [33m404[0m 7.866 ms - 153[0m
[0mGET /css/header.css [33m404[0m 33.217 ms - 153[0m
[0mGET /css/footer.css [33m404[0m 22.089 ms - 153[0m
[0mGET /users/auth/google [36m302[0m 13.430 ms - 0[0m
[0mGET / [36m304[0m 73.080 ms - -[0m
[0mGET /js/home_post_comments.js [33m404[0m 32.478 ms - 163[0m
[0mGET /js/home_posts.js [33m404[0m 21.849 ms - 155[0m
[0mGET /js/toogle_likes.js [33m404[0m 22.140 ms - 157[0m
[0mGET /js/chat_engine.js [33m404[0m 9.309 ms - 156[0m
[0mGET /js/home_post_comments.js [33m404[0m 3.351 ms - 163[0m
[0mGET /js/home_posts.js [33m404[0m 6.526 ms - 155[0m
[0mGET /js/toogle_likes.js [33m404[0m 4.654 ms - 157[0m
[0mGET /js/chat_engine.js [33m404[0m 3.301 ms - 156[0m
[0mGET /users/sign-in [36m304[0m 18.469 ms - -[0m
[0mGET /css/layout.css [33m404[0m 9.141 ms - 153[0m
[0mGET /css/footer.css [33m404[0m 12.305 ms - 153[0m
[0mGET /css/header.css [33m404[0m 12.004 ms - 153[0m
[0mGET /users/auth/google [36m302[0m 13.256 ms - 0[0m
[0mGET / [36m304[0m 109.835 ms - -[0m
[0mGET /js/home_post_comments.js [33m404[0m 20.199 ms - 163[0m
[0mGET /js/home_posts.js [33m404[0m 33.390 ms - 155[0m
[0mGET /js/toogle_likes.js [33m404[0m 8.993 ms - 157[0m
[0mGET /js/chat_engine.js [33m404[0m 10.850 ms - 156[0m
[0mGET /js/home_post_comments.js [33m404[0m 2.937 ms - 163[0m
[0mGET /js/home_posts.js [33m404[0m 7.234 ms - 155[0m
[0mGET /js/toogle_likes.js [33m404[0m 2.924 ms - 157[0m
[0mGET /js/chat_engine.js [33m404[0m 2.759 ms - 156[0m
[0mGET /users/profile/5f736526338a70453ca066b7 [36m302[0m 54.468 ms - 72[0m
[0mGET /users/sign-in [36m304[0m 10.616 ms - -[0m
[0mGET /css/layout.css [33m404[0m 7.810 ms - 153[0m
[0mGET /css/header.css [33m404[0m 11.003 ms - 153[0m
[0mGET /css/footer.css [33m404[0m 12.381 ms - 153[0m
[0mGET /users/auth/google [36m302[0m 15.248 ms - 0[0m
[0mGET / [32m200[0m 110.099 ms - 9012[0m
[0mGET /js/home_posts.js [33m404[0m 18.025 ms - 155[0m
[0mGET /js/toogle_likes.js [33m404[0m 53.651 ms - 157[0m
[0mGET /js/chat_engine.js [33m404[0m 31.408 ms - 156[0m
[0mGET /js/home_post_comments.js [33m404[0m 13.642 ms - 163[0m
[0mGET /js/home_posts.js [33m404[0m 4.517 ms - 155[0m
[0mGET /js/toogle_likes.js [33m404[0m 3.718 ms - 157[0m
[0mGET /js/chat_engine.js [33m404[0m 4.527 ms - 156[0m
[0mGET /users/sign-in [36m304[0m 17.812 ms - -[0m
[0mGET /css/layout.css [33m404[0m 7.484 ms - 153[0m
[0mGET /css/header.css [33m404[0m 9.866 ms - 153[0m
[0mGET /css/footer.css [33m404[0m 9.495 ms - 153[0m
[0mGET /users/auth/google [36m302[0m 12.383 ms - 0[0m
[0mGET /users/auth/google/callback?code=4%2F4wGN2lqWSUml5kf8-uRTH-xY4WhMf4llBwgn2PGDSpfnfLJY1nmmIgYTDRgU7ooEVWz5znnsa7rXQj4LNvsRt-Q&scope=email+profile+https%3A%2F%2Fwww.googleapis.com%2Fauth%2Fuserinfo.profile+https%3A%2F%2Fwww.googleapis.com%2Fauth%2Fuserinfo.email+openid&authuser=2&prompt=consent [36m302[0m 1495.295 ms - 46[0m
[0mGET / [32m200[0m 64.009 ms - 13367[0m
[0mGET /css/layout.css [33m404[0m 26.026 ms - 153[0m
[0mGET /js/home_posts.js [33m404[0m 25.091 ms - 155[0m
[0mGET /css/home.css [33m404[0m 26.352 ms - 151[0m
[0mGET /css/footer.css [33m404[0m 28.469 ms - 153[0m
[0mGET /css/header.css [33m404[0m 37.489 ms - 153[0m
[0mGET /css/chat_box.css [33m404[0m 41.016 ms - 155[0m
[0mGET /js/toogle_likes.js [33m404[0m 40.050 ms - 157[0m
[0mGET /js/chat_engine.js [33m404[0m 26.512 ms - 156[0m
[0mGET /js/home_post_comments.js [33m404[0m 19.765 ms - 163[0m
[0mGET /js/home_posts.js [33m404[0m 5.338 ms - 155[0m
[0mGET /js/toogle_likes.js [33m404[0m 5.457 ms - 157[0m
[0mGET /js/chat_engine.js [33m404[0m 3.953 ms - 156[0m
[0mGET / [32m200[0m 67.407 ms - 13067[0m
[0mGET /js/home_posts.js [33m404[0m 34.810 ms - 155[0m
[0mGET /css/layout.css [33m404[0m 38.144 ms - 153[0m
[0mGET /css/header.css [33m404[0m 38.360 ms - 153[0m
[0mGET /css/chat_box.css [33m404[0m 38.174 ms - 155[0m
[0mGET /css/footer.css [33m404[0m 46.441 ms - 153[0m
[0mGET /css/home.css [33m404[0m 48.027 ms - 151[0m
[0mGET /js/home_post_comments.js [33m404[0m 46.374 ms - 163[0m
[0mGET /js/toogle_likes.js [33m404[0m 28.435 ms - 157[0m
[0mGET /js/chat_engine.js [33m404[0m 24.963 ms - 156[0m
[0mGET /js/home_posts.js [33m404[0m 5.699 ms - 155[0m
[0mGET /js/toogle_likes.js [33m404[0m 5.969 ms - 157[0m
[0mGET /js/chat_engine.js [33m404[0m 6.552 ms - 156[0m
[0mGET /users/profile/ [33m404[0m 12.383 ms - 153[0m
[0mGET /js/home_post_comments.js [33m404[0m 29.499 ms - 163[0m
[0mGET /css/footer.css [33m404[0m 27.054 ms - 153[0m
[0mGET /css/home.css [33m404[0m 31.863 ms - 151[0m
[0mGET /css/layout.css [33m404[0m 29.002 ms - 153[0m
[0mGET /css/header.css [33m404[0m 33.909 ms - 153[0m
[0mGET /css/chat_box.css [33m404[0m 41.106 ms - 155[0m
[0mGET /js/toogle_likes.js [33m404[0m 19.161 ms - 157[0m
[0mGET /js/chat_engine.js [33m404[0m 20.748 ms - 156[0m
[0mGET /js/toogle_likes.js [33m404[0m 10.954 ms - 157[0m
[0mGET /js/chat_engine.js [33m404[0m 3.910 ms - 156[0m
[0mPOST /posts/create [36m302[0m 56.615 ms - 88[0m
[0mGET / [32m200[0m 92.241 ms - 14993[0m
[0mGET /css/layout.css [33m404[0m 73.911 ms - 153[0m
[0mGET /js/home_post_comments.js [33m404[0m 36.986 ms - 163[0m
[0mGET /css/chat_box.css [33m404[0m 40.323 ms - 155[0m
[0mGET /css/footer.css [33m404[0m 37.248 ms - 153[0m
[0mGET /css/home.css [33m404[0m 37.257 ms - 151[0m
[0mGET /css/header.css [33m404[0m 35.404 ms - 153[0m
[0mGET /js/toogle_likes.js [33m404[0m 104.031 ms - 157[0m
[0mGET /js/home_posts.js [33m404[0m 26.077 ms - 155[0m
[0mGET /js/chat_engine.js [33m404[0m 12.137 ms - 156[0m
[0mGET /js/toogle_likes.js [33m404[0m 7.605 ms - 157[0m
[0mGET /js/chat_engine.js [33m404[0m 5.085 ms - 156[0m
[0mGET /posts/destroy/5f7a982f788ea40a90d6365c [36m302[0m 72.561 ms - 88[0m
[0mGET / [32m200[0m 40.761 ms - 13382[0m
[0mGET /css/layout.css [33m404[0m 26.778 ms - 153[0m
[0mGET /js/home_post_comments.js [33m404[0m 26.225 ms - 163[0m
[0mGET /css/header.css [33m404[0m 34.935 ms - 153[0m
[0mGET /css/home.css [33m404[0m 30.095 ms - 151[0m
[0mGET /css/footer.css [33m404[0m 29.603 ms - 153[0m
[0mGET /css/chat_box.css [33m404[0m 33.843 ms - 155[0m
[0mGET /js/home_posts.js [33m404[0m 43.696 ms - 155[0m
[0mGET /js/toogle_likes.js [33m404[0m 21.626 ms - 157[0m
[0mGET /js/chat_engine.js [33m404[0m 15.525 ms - 156[0m
[0mGET / [32m200[0m 118.851 ms - 13067[0m
[0mGET /js/home_post_comments.js [33m404[0m 35.726 ms - 163[0m
[0mGET /js/home_posts.js [33m404[0m 16.215 ms - 155[0m
[0mGET /js/toogle_likes.js [33m404[0m 16.530 ms - 157[0m
[0mGET /js/chat_engine.js [33m404[0m 17.920 ms - 156[0m
[0mGET /js/home_post_comments.js [33m404[0m 8.776 ms - 163[0m
[0mGET /js/home_posts.js [33m404[0m 12.097 ms - 155[0m
[0mGET /js/toogle_likes.js [33m404[0m 5.792 ms - 157[0m
[0mGET /js/chat_engine.js [33m404[0m 5.071 ms - 156[0m
[0mGET /users/profile/5f736526338a70453ca066b7 [32m200[0m 59.124 ms - 2347[0m
[0mGET /css/layout.css [33m404[0m 39.636 ms - 153[0m
[0mGET /css/header.css [33m404[0m 41.427 ms - 153[0m
[0mGET /css/footer.css [33m404[0m 36.885 ms - 153[0m
[0mGET / [36m304[0m 69.873 ms - -[0m
[0mGET /css/layout.css [33m404[0m 74.122 ms - 153[0m
[0mGET /js/home_post_comments.js [33m404[0m 41.723 ms - 163[0m
[0mGET /css/home.css [33m404[0m 48.552 ms - 151[0m
[0mGET /css/header.css [33m404[0m 58.257 ms - 153[0m
[0mGET /css/footer.css [33m404[0m 56.037 ms - 153[0m
[0mGET /css/chat_box.css [33m404[0m 71.635 ms - 155[0m
[0mGET /js/home_posts.js [33m404[0m 64.424 ms - 155[0m
[0mGET /js/toogle_likes.js [33m404[0m 47.471 ms - 157[0m
[0mGET /js/chat_engine.js [33m404[0m 19.207 ms - 156[0m
[0mGET / [36m304[0m 69.462 ms - -[0m
[0mGET /js/home_post_comments.js [33m404[0m 40.722 ms - 163[0m
[0mGET /css/footer.css [33m404[0m 44.876 ms - 153[0m
[0mGET /css/header.css [33m404[0m 41.971 ms - 153[0m
[0mGET /css/layout.css [33m404[0m 43.656 ms - 153[0m
[0mGET /css/chat_box.css [33m404[0m 43.920 ms - 155[0m
[0mGET /css/home.css [33m404[0m 54.879 ms - 151[0m
[0mGET /js/home_posts.js [33m404[0m 41.037 ms - 155[0m
[0mGET /js/toogle_likes.js [33m404[0m 36.278 ms - 157[0m
[0mGET /js/chat_engine.js [33m404[0m 28.123 ms - 156[0m
[0mGET /css/header.css [33m404[0m 24.519 ms - 153[0m
[0mGET /css/layout.css [33m404[0m 24.719 ms - 153[0m
[0mGET /css/footer.css [33m404[0m 18.041 ms - 153[0m
[0mGET /js/home_post_comments.js [33m404[0m 35.318 ms - 163[0m
[0mGET /css/layout.css [33m404[0m 38.375 ms - 153[0m
[0mGET /css/header.css [33m404[0m 38.505 ms - 153[0m
[0mGET /css/home.css [33m404[0m 36.216 ms - 151[0m
[0mGET /css/footer.css [33m404[0m 37.399 ms - 153[0m
[0mGET /css/chat_box.css [33m404[0m 43.315 ms - 155[0m
[0mGET /js/home_posts.js [33m404[0m 30.048 ms - 155[0m
[0mGET /js/toogle_likes.js [33m404[0m 20.679 ms - 157[0m
[0mGET / [36m304[0m 53.257 ms - -[0m
[0mGET /css/layout.css [33m404[0m 37.861 ms - 153[0m
[0mGET /js/home_post_comments.js [33m404[0m 30.404 ms - 163[0m
[0mGET /css/header.css [33m404[0m 28.856 ms - 153[0m
[0mGET /css/home.css [33m404[0m 26.467 ms - 151[0m
[0mGET /css/footer.css [33m404[0m 26.167 ms - 153[0m
[0mGET /css/chat_box.css [33m404[0m 29.387 ms - 155[0m
[0mGET /js/toogle_likes.js [33m404[0m 27.332 ms - 157[0m
[0mGET /js/home_posts.js [33m404[0m 31.451 ms - 155[0m
[0mGET /js/chat_engine.js [33m404[0m 14.273 ms - 156[0m
[0mGET /js/home_post_comments.js [33m404[0m 34.248 ms - 163[0m
[0mGET /css/footer.css [33m404[0m 34.525 ms - 153[0m
[0mGET /css/layout.css [33m404[0m 32.994 ms - 153[0m
[0mGET /css/header.css [33m404[0m 35.593 ms - 153[0m
[0mGET /css/home.css [33m404[0m 29.022 ms - 151[0m
[0mGET /css/chat_box.css [33m404[0m 26.589 ms - 155[0m
[0mGET /js/home_posts.js [33m404[0m 6.217 ms - 155[0m
[0mGET /js/toogle_likes.js [33m404[0m 6.707 ms - 157[0m
[0mGET /js/chat_engine.js [33m404[0m 4.200 ms - 156[0m
[0mGET /users/profile [33m404[0m 13.433 ms - 152[0m
[0mGET /js/home_post_comments.js [33m404[0m 27.246 ms - 163[0m
[0mGET /css/header.css [33m404[0m 25.494 ms - 153[0m
[0mGET /css/chat_box.css [33m404[0m 27.298 ms - 155[0m
[0mGET /css/footer.css [33m404[0m 29.831 ms - 153[0m
[0mGET /css/home.css [33m404[0m 29.761 ms - 151[0m
[0mGET /css/layout.css [33m404[0m 31.134 ms - 153[0m
[0mGET /js/toogle_likes.js [33m404[0m 18.155 ms - 157[0m
[0mGET /js/chat_engine.js [33m404[0m 10.435 ms - 156[0m
[0mGET /users/sign-out [36m302[0m 30.002 ms - 46[0m
[0mGET / [32m200[0m 45.311 ms - 9310[0m
[0mGET /js/home_post_comments.js [33m404[0m 9.997 ms - 163[0m
[0mGET /css/layout.css [33m404[0m 12.695 ms - 153[0m
[0mGET /css/header.css [33m404[0m 11.706 ms - 153[0m
[0mGET /css/footer.css [33m404[0m 12.986 ms - 153[0m
[0mGET /css/home.css [33m404[0m 13.590 ms - 151[0m
[0mGET /css/chat_box.css [33m404[0m 20.318 ms - 155[0m
[0mGET /js/toogle_likes.js [33m404[0m 15.503 ms - 157[0m
[0mGET /js/home_posts.js [33m404[0m 10.508 ms - 155[0m
[0mGET /js/chat_engine.js [33m404[0m 9.474 ms - 156[0m
[0mGET /js/toogle_likes.js [33m404[0m 3.936 ms - 157[0m
[0mGET /js/chat_engine.js [33m404[0m 2.947 ms - 156[0m
[0mGET /users/sign-in [36m304[0m 15.241 ms - -[0m
[0mGET /css/layout.css [33m404[0m 7.374 ms - 153[0m
[0mGET /css/header.css [33m404[0m 10.349 ms - 153[0m
[0mGET /css/footer.css [33m404[0m 9.070 ms - 153[0m
[0mGET /users/auth/google [36m302[0m 10.346 ms - 0[0m
[0mGET /users/auth/google/callback?code=4%2F4wFqIRubaYnWC8lN5SL--poEGRbvXPy-RU5zWx4uGk6whFAHkcLXU7j9uX6P7e3QkqezSLsDTdW1p3j9q4sH_tg&scope=email+profile+https%3A%2F%2Fwww.googleapis.com%2Fauth%2Fuserinfo.profile+https%3A%2F%2Fwww.googleapis.com%2Fauth%2Fuserinfo.email+openid&authuser=0&prompt=consent [36m302[0m 1389.594 ms - 46[0m
[0mGET / [32m200[0m 46.137 ms - 12575[0m
[0mGET /css/layout.css [33m404[0m 30.402 ms - 153[0m
[0mGET /js/home_post_comments.js [33m404[0m 28.947 ms - 163[0m
[0mGET /css/chat_box.css [33m404[0m 24.243 ms - 155[0m
[0mGET /css/footer.css [33m404[0m 23.882 ms - 153[0m
[0mGET /css/home.css [33m404[0m 25.756 ms - 151[0m
[0mGET /css/header.css [33m404[0m 31.782 ms - 153[0m
[0mGET /js/home_posts.js [33m404[0m 27.879 ms - 155[0m
[0mGET /js/toogle_likes.js [33m404[0m 11.871 ms - 157[0m
[0mGET /js/chat_engine.js [33m404[0m 12.508 ms - 156[0m
[0mGET / [32m200[0m 105.465 ms - 12275[0m
[0mGET /js/home_post_comments.js [33m404[0m 15.171 ms - 163[0m
[0mGET /js/toogle_likes.js [33m404[0m 18.038 ms - 157[0m
[0mGET /js/chat_engine.js [33m404[0m 19.481 ms - 156[0m
[0mGET /js/home_posts.js [33m404[0m 24.157 ms - 155[0m
[0mGET /js/toogle_likes.js [33m404[0m 7.469 ms - 157[0m
[0mGET /js/chat_engine.js [33m404[0m 6.304 ms - 156[0m
[0mGET /users/profile/5f6dea0e335390513cea158f [32m200[0m 23.850 ms - 2281[0m
[0mGET /css/layout.css [33m404[0m 22.255 ms - 153[0m
[0mGET /css/footer.css [33m404[0m 22.845 ms - 153[0m
[0mGET /css/header.css [33m404[0m 24.990 ms - 153[0m
[0mGET /css/layout.css [33m404[0m 36.951 ms - 153[0m
[0mGET /js/home_post_comments.js [33m404[0m 28.153 ms - 163[0m
[0mGET /js/toogle_likes.js [33m404[0m 36.493 ms - 157[0m
[0mGET /js/chat_engine.js [33m404[0m 49.819 ms - 156[0m
[0mGET /css/header.css [33m404[0m 42.227 ms - 153[0m
[0mGET /css/footer.css [33m404[0m 46.099 ms - 153[0m
[0mGET /js/toogle_likes.js [33m404[0m 12.556 ms - 157[0m
[0mGET /js/chat_engine.js [33m404[0m 4.810 ms - 156[0m
[0mGET /likes/toggle/?id=5f7010e228200345fc29ba0e&type=Post [33m404[0m 12.643 ms - 152[0m
[0mGET /js/home_post_comments.js [33m404[0m 20.759 ms - 163[0m
[0mGET /js/toogle_likes.js [33m404[0m 24.871 ms - 157[0m
[0mGET /js/chat_engine.js [33m404[0m 27.478 ms - 156[0m
[0mGET /css/header.css [33m404[0m 24.478 ms - 153[0m
[0mGET /css/layout.css [33m404[0m 27.042 ms - 153[0m
[0mGET /css/footer.css [33m404[0m 25.724 ms - 153[0m
[0mGET /js/toogle_likes.js [33m404[0m 5.671 ms - 157[0m
[0mGET /js/chat_engine.js [33m404[0m 6.366 ms - 156[0m
[0mGET / [36m304[0m 393.503 ms - -[0m
[0mGET /js/home_post_comments.js [33m404[0m 43.522 ms - 163[0m
[0mGET /js/home_posts.js [33m404[0m 26.865 ms - 155[0m
[0mGET /js/toogle_likes.js [33m404[0m 27.591 ms - 157[0m
[0mGET /js/chat_engine.js [33m404[0m 63.461 ms - 156[0m
[0mGET /js/home_posts.js [33m404[0m 82.638 ms - 155[0m
[0mGET /js/toogle_likes.js [33m404[0m 87.848 ms - 157[0m
[0mGET /js/chat_engine.js [33m404[0m 30.817 ms - 156[0m
[0mGET /favicon.ico [33m404[0m 30.812 ms - 150[0m
[0mGET /users/profile/5f6dea0e335390513cea158f [36m304[0m 67.211 ms - -[0m
[0mGET /css/header.css [33m404[0m 24.430 ms - 153[0m
[0mGET /css/footer.css [33m404[0m 25.158 ms - 153[0m
[0mGET /css/layout.css [33m404[0m 31.631 ms - 153[0m
[0mGET /css/header.css [33m404[0m 31.007 ms - 153[0m
[0mGET /css/layout.css [33m404[0m 32.725 ms - 153[0m
[0mGET /css/footer.css [33m404[0m 34.859 ms - 153[0m
[0mGET /users/profile/5f74156c0f4be83d0c8e5e78 [32m200[0m 40.340 ms - 2311[0m
[0mGET /css/layout.css [33m404[0m 28.471 ms - 153[0m
[0mGET /css/footer.css [33m404[0m 35.959 ms - 153[0m
[0mGET /css/header.css [33m404[0m 45.509 ms - 153[0m
[0mGET /css/user_profile.css [33m404[0m 43.166 ms - 159[0m
[0mGET /users/profile [33m404[0m 18.146 ms - 152[0m
[0mGET /css/layout.css [33m404[0m 44.236 ms - 153[0m
[0mGET /css/header.css [33m404[0m 19.230 ms - 153[0m
[0mGET /css/footer.css [33m404[0m 19.099 ms - 153[0m
[0mGET /users/sign-out [36m302[0m 53.854 ms - 46[0m
[0mGET / [32m200[0m 62.401 ms - 9310[0m
[0mGET /js/home_post_comments.js [33m404[0m 8.951 ms - 163[0m
[0mGET /css/layout.css [33m404[0m 22.303 ms - 153[0m
[0mGET /css/chat_box.css [33m404[0m 26.885 ms - 155[0m
[0mGET /css/header.css [33m404[0m 29.305 ms - 153[0m
[0mGET /css/footer.css [33m404[0m 26.603 ms - 153[0m
[0mGET /js/home_posts.js [33m404[0m 93.520 ms - 155[0m
[0mGET /js/toogle_likes.js [33m404[0m 12.860 ms - 157[0m
[0mGET /css/home.css [33m404[0m 115.077 ms - 151[0m
[0mGET /js/chat_engine.js [33m404[0m 16.604 ms - 156[0m
[0mGET /js/home_posts.js [33m404[0m 6.656 ms - 155[0m
[0mGET /js/toogle_likes.js [33m404[0m 4.911 ms - 157[0m
[0mGET /js/chat_engine.js [33m404[0m 3.951 ms - 156[0m
[0mGET /users/sign-in [36m304[0m 13.314 ms - -[0m
[0mGET /css/layout.css [33m404[0m 10.967 ms - 153[0m
[0mGET /css/header.css [33m404[0m 11.058 ms - 153[0m
[0mGET /css/footer.css [33m404[0m 13.051 ms - 153[0m
[0mGET /users/auth/google [36m302[0m 11.779 ms - 0[0m
[0mGET /users/auth/google/callback?code=4%2F4wGqv2pDh24EZZLjkX_jzSz_GKokQ0GqABM410ooey-LsLsACKxfjCrWaV8EpuTfpQZuypFrGU6b6WAJnkrV4fM&scope=email+profile+https%3A%2F%2Fwww.googleapis.com%2Fauth%2Fuserinfo.profile+https%3A%2F%2Fwww.googleapis.com%2Fauth%2Fuserinfo.email+openid&authuser=2&prompt=consent [36m302[0m 1173.111 ms - 46[0m
[0mGET / [32m200[0m 103.480 ms - 13367[0m
[0mGET /css/layout.css [33m404[0m 85.541 ms - 153[0m
[0mGET /js/home_post_comments.js [33m404[0m 56.936 ms - 163[0m
[0mGET /css/footer.css [33m404[0m 50.036 ms - 153[0m
[0mGET /css/header.css [33m404[0m 49.745 ms - 153[0m
[0mGET /css/home.css [33m404[0m 57.344 ms - 151[0m
[0mGET /css/chat_box.css [33m404[0m 56.076 ms - 155[0m
[0mGET /js/home_posts.js [33m404[0m 50.580 ms - 155[0m
[0mGET /js/toogle_likes.js [33m404[0m 37.084 ms - 157[0m
[0mGET /js/chat_engine.js [33m404[0m 33.859 ms - 156[0m
[0mGET /likes/toggle/?id=5f7010e228200345fc29ba0e&type=Post [33m404[0m 12.646 ms - 152[0m
[0mGET / [32m200[0m 130.867 ms - 13068[0m
[0mGET /js/home_post_comments.js [33m404[0m 122.877 ms - 163[0m
[0mGET /js/home_posts.js [33m404[0m 50.925 ms - 155[0m
[0mGET /js/toogle_likes.js [33m404[0m 47.652 ms - 157[0m
[0mGET /js/chat_engine.js [33m404[0m 80.298 ms - 156[0m
[0mGET /js/home_posts.js [33m404[0m 61.023 ms - 155[0m
[0mGET /js/toogle_likes.js [33m404[0m 77.593 ms - 157[0m
[0mGET /js/chat_engine.js [33m404[0m 43.464 ms - 156[0m
[0mGET /js/home_posts.js [33m404[0m 34.135 ms - 155[0m
[0mGET /js/toogle_likes.js [33m404[0m 41.996 ms - 157[0m
[0mGET /js/chat_engine.js [33m404[0m 16.683 ms - 156[0m
[0mGET /users/profile/5f736526338a70453ca066b7 [36m304[0m 24.247 ms - -[0m
[0mGET /css/layout.css [33m404[0m 38.125 ms - 153[0m
[0mGET /css/header.css [33m404[0m 40.446 ms - 153[0m
[0mGET /css/footer.css [33m404[0m 40.618 ms - 153[0m
[0mGET /css/layout.css [33m404[0m 67.821 ms - 153[0m
[0mGET /css/footer.css [33m404[0m 19.051 ms - 153[0m
[0mGET /css/header.css [33m404[0m 23.530 ms - 153[0m
[0mGET /users/profile/5f74156c0f4be83d0c8e5e78 [32m200[0m 19.390 ms - 2741[0m
[0mGET /css/header.css [33m404[0m 48.211 ms - 153[0m
[0mGET /css/layout.css [33m404[0m 52.182 ms - 153[0m
[0mGET /css/footer.css [33m404[0m 52.213 ms - 153[0m
[0mGET /css/user_profile.css [33m404[0m 55.442 ms - 159[0m
[0mGET /css/header.css [33m404[0m 19.715 ms - 153[0m
[0mGET /css/layout.css [33m404[0m 26.090 ms - 153[0m
[0mGET /css/footer.css [33m404[0m 25.328 ms - 153[0m
[0mGET /users/profile/5f736526338a70453ca066b7 [36m304[0m 25.052 ms - -[0m
[0mGET /css/layout.css [33m404[0m 27.678 ms - 153[0m
[0mGET /css/header.css [33m404[0m 30.281 ms - 153[0m
[0mGET /css/footer.css [33m404[0m 29.050 ms - 153[0m
[0mGET /css/user_profile.css [33m404[0m 32.444 ms - 159[0m
[0mGET /css/layout.css [33m404[0m 25.177 ms - 153[0m
[0mGET /css/footer.css [33m404[0m 26.156 ms - 153[0m
[0mGET /css/header.css [33m404[0m 29.784 ms - 153[0m
[0mGET /users/sign-out [36m302[0m 24.457 ms - 46[0m
[0mGET / [32m200[0m 52.297 ms - 9311[0m
[0mGET /js/home_post_comments.js [33m404[0m 12.721 ms - 163[0m
[0mGET /css/header.css [33m404[0m 9.760 ms - 153[0m
[0mGET /css/layout.css [33m404[0m 15.662 ms - 153[0m
[0mGET /css/footer.css [33m404[0m 22.657 ms - 153[0m
[0mGET /css/home.css [33m404[0m 31.674 ms - 151[0m
[0mGET /css/chat_box.css [33m404[0m 30.885 ms - 155[0m
[0mGET /js/home_posts.js [33m404[0m 48.447 ms - 155[0m
[0mGET /js/toogle_likes.js [33m404[0m 17.326 ms - 157[0m
[0mGET /js/chat_engine.js [33m404[0m 28.598 ms - 156[0m
[0mGET /users/sign-in [36m304[0m 15.223 ms - -[0m
[0mGET /css/header.css [33m404[0m 10.083 ms - 153[0m
[0mGET /css/layout.css [33m404[0m 14.453 ms - 153[0m
[0mGET /css/footer.css [33m404[0m 12.692 ms - 153[0m
[0mGET /users/auth/google [36m302[0m 13.794 ms - 0[0m
[0mGET /users/auth/google/callback?code=4%2F4wGwLxbnfZS_pBhvnlR78QOL7Akhp_zKZtGRAc0g5yMV3e7TRAOuolza7vhwKSTNX6v_S9k9SrPMFI1A7LhDEHc&scope=email+profile+https%3A%2F%2Fwww.googleapis.com%2Fauth%2Fuserinfo.profile+https%3A%2F%2Fwww.googleapis.com%2Fauth%2Fuserinfo.email+openid&authuser=2&prompt=consent [36m302[0m 1143.544 ms - 46[0m
[0mGET / [32m200[0m 85.968 ms - 13368[0m
[0mGET /js/home_post_comments.js [33m404[0m 62.502 ms - 163[0m
[0mGET /css/layout.css [33m404[0m 59.080 ms - 153[0m
[0mGET /css/footer.css [33m404[0m 67.573 ms - 153[0m
[0mGET /css/chat_box.css [33m404[0m 56.563 ms - 155[0m
[0mGET /css/header.css [33m404[0m 65.992 ms - 153[0m
[0mGET /css/home.css [33m404[0m 74.398 ms - 151[0m
[0mGET /js/home_posts.js [33m404[0m 42.681 ms - 155[0m
[0mGET /js/toogle_likes.js [33m404[0m 31.643 ms - 157[0m
[0mGET /js/chat_engine.js [33m404[0m 34.789 ms - 156[0m
[0mGET /js/home_posts.js [33m404[0m 11.931 ms - 155[0m
[0mGET /js/toogle_likes.js [33m404[0m 6.842 ms - 157[0m
[0mGET /js/chat_engine.js [33m404[0m 9.356 ms - 156[0m
[0mGET /likes/toggle/?id=5f6ec0e9e8530476cced0e71&type=Post [33m404[0m 12.324 ms - 152[0m
[0mGET /js/home_post_comments.js [33m404[0m 177.698 ms - 163[0m
[0mGET /js/chat_engine.js [33m404[0m 143.184 ms - 156[0m
[0mGET /js/toogle_likes.js [33m404[0m 153.484 ms - 157[0m
[0mGET /js/home_posts.js [33m404[0m 160.365 ms - 155[0m
[0mGET /js/toogle_likes.js [33m404[0m 8.410 ms - 157[0m
[0mGET /js/chat_engine.js [33m404[0m 9.399 ms - 156[0m
[0mGET / [32m200[0m 135.591 ms - 13068[0m
[0mGET /css/layout.css [33m404[0m 101.508 ms - 153[0m
[0mGET /js/home_post_comments.js [33m404[0m 83.421 ms - 163[0m
[0mGET /js/home_posts.js [33m404[0m 105.596 ms - 155[0m
[0mGET /js/chat_engine.js [33m404[0m 59.824 ms - 156[0m
[0mGET /js/toggle_likes.js [33m404[0m 64.253 ms - 157[0m
[0mGET /js/home_posts.js [33m404[0m 36.375 ms - 155[0m
[0mGET /js/toggle_likes.js [33m404[0m 8.132 ms - 157[0m
[0mGET /js/chat_engine.js [33m404[0m 10.416 ms - 156[0m
[0mGET /users/sign-out [36m302[0m 21.351 ms - 46[0m
[0mGET / [32m200[0m 51.461 ms - 9311[0m
[0mGET /js/home_post_comments.js [33m404[0m 6.742 ms - 163[0m
[0mGET /css/layout.css [33m404[0m 6.729 ms - 153[0m
[0mGET /css/header.css [33m404[0m 11.092 ms - 153[0m
[0mGET /css/home.css [33m404[0m 19.105 ms - 151[0m
[0mGET /css/chat_box.css [33m404[0m 20.122 ms - 155[0m
[0mGET /js/home_posts.js [33m404[0m 33.866 ms - 155[0m
[0mGET /css/footer.css [33m404[0m 52.432 ms - 153[0m
[0mGET /js/chat_engine.js [33m404[0m 19.365 ms - 156[0m
[0mGET /js/toggle_likes.js [33m404[0m 26.220 ms - 157[0m
[0mGET /js/home_posts.js [33m404[0m 6.627 ms - 155[0m
[0mGET /js/toggle_likes.js [33m404[0m 6.069 ms - 157[0m
[0mGET /js/chat_engine.js [33m404[0m 4.391 ms - 156[0m
[0mGET /users/sign-in [36m304[0m 13.126 ms - -[0m
[0mGET /css/header.css [33m404[0m 8.425 ms - 153[0m
[0mGET /css/footer.css [33m404[0m 9.372 ms - 153[0m
[0mGET /css/layout.css [33m404[0m 13.225 ms - 153[0m
[0mGET /users/auth/google [36m302[0m 18.269 ms - 0[0m
[0mGET /users/auth/google/callback?code=4%2F4wHOZde9QwiErAbAohwZoa_QRNY6V-_DPDlrqMDSNUnzz9p9-WDnN5qwNtW2zJdOG1bPgPvsxmcSnW5lpd46S2M&scope=email+profile+https%3A%2F%2Fwww.googleapis.com%2Fauth%2Fuserinfo.profile+https%3A%2F%2Fwww.googleapis.com%2Fauth%2Fuserinfo.email+openid&authuser=0&prompt=consent [36m302[0m 1605.676 ms - 46[0m
[0mGET / [32m200[0m 76.980 ms - 12576[0m
[0mGET /css/layout.css [33m404[0m 39.566 ms - 153[0m
[0mGET /js/home_post_comments.js [33m404[0m 57.321 ms - 163[0m
[0mGET /css/footer.css [33m404[0m 49.445 ms - 153[0m
[0mGET /css/home.css [33m404[0m 50.570 ms - 151[0m
[0mGET /css/chat_box.css [33m404[0m 52.372 ms - 155[0m
[0mGET /js/home_posts.js [33m404[0m 66.204 ms - 155[0m
[0mGET /css/header.css [33m404[0m 65.572 ms - 153[0m
[0mGET /js/toggle_likes.js [33m404[0m 40.459 ms - 157[0m
[0mGET /js/chat_engine.js [33m404[0m 17.038 ms - 156[0m
[0mGET /likes/toggle/?id=5f7010e228200345fc29ba0e&type=Post [33m404[0m 16.436 ms - 152[0m
[0mGET / [32m200[0m 127.158 ms - 12276[0m
[0mGET /js/home_post_comments.js [33m404[0m 79.073 ms - 163[0m
[0mGET /js/toggle_likes.js [33m404[0m 18.119 ms - 157[0m
[0mGET /js/home_posts.js [33m404[0m 23.557 ms - 155[0m
[0mGET /js/chat_engine.js [33m404[0m 25.800 ms - 156[0m
[0mGET /js/home_post_comments.js [33m404[0m 11.556 ms - 163[0m
[0mGET /js/home_posts.js [33m404[0m 11.103 ms - 155[0m
[0mGET /js/toggle_likes.js [33m404[0m 7.718 ms - 157[0m
[0mGET /js/chat_engine.js [33m404[0m 9.811 ms - 156[0m
[0mGET /css/footer.css [33m404[0m 26.571 ms - 153[0m
[0mGET /css/header.css [33m404[0m 36.827 ms - 153[0m
[0mGET /css/layout.css [33m404[0m 49.369 ms - 153[0m
[0mGET /css/home.css [33m404[0m 55.182 ms - 151[0m
[0mGET /css/chat_box.css [33m404[0m 59.373 ms - 155[0m
[0mGET /users/profile/5f74156c0f4be83d0c8e5e78 [32m200[0m 34.102 ms - 2311[0m
[0mGET /css/header.css [33m404[0m 49.535 ms - 153[0m
[0mGET /css/layout.css [33m404[0m 50.906 ms - 153[0m
[0mGET /css/footer.css [33m404[0m 54.279 ms - 153[0m
[0mGET / [36m304[0m 127.088 ms - -[0m
[0mGET /js/home_post_comments.js [33m404[0m 67.283 ms - 163[0m
[0mGET /js/home_posts.js [33m404[0m 14.974 ms - 155[0m
[0mGET /js/toggle_likes.js [33m404[0m 15.680 ms - 157[0m
[0mGET /js/chat_engine.js [33m404[0m 51.171 ms - 156[0m
[0mGET /js/home_posts.js [33m404[0m 28.286 ms - 155[0m
[0mGET /js/toggle_likes.js [33m404[0m 28.936 ms - 157[0m
[0mGET /js/chat_engine.js [33m404[0m 12.449 ms - 156[0m
[0mGET /favicon.ico [33m404[0m 9.533 ms - 150[0m
[0mGET /users/profile [33m404[0m 15.486 ms - 152[0m
[0mGET / [36m304[0m 214.326 ms - -[0m
[0mGET /js/home_post_comments.js [33m404[0m 8.326 ms - 163[0m
[0mGET /js/home_posts.js [33m404[0m 10.208 ms - 155[0m
[0mGET /js/toggle_likes.js [33m404[0m 5.971 ms - 157[0m
[0mGET /js/chat_engine.js [33m404[0m 6.942 ms - 156[0m
[0mGET /js/home_post_comments.js [33m404[0m 9.925 ms - 163[0m
[0mGET /js/home_posts.js [33m404[0m 11.464 ms - 155[0m
[0mGET /js/toggle_likes.js [33m404[0m 5.648 ms - 157[0m
[0mGET /js/chat_engine.js [33m404[0m 10.674 ms - 156[0m
[0mGET /favicon.ico [33m404[0m 7.135 ms - 150[0m
[0mGET /users/profile/5f6dea0e335390513cea158f [36m304[0m 62.734 ms - -[0m
[0mGET /css/layout.css [33m404[0m 23.338 ms - 153[0m
[0mGET /css/header.css [33m404[0m 33.038 ms - 153[0m
[0mGET /css/footer.css [33m404[0m 34.293 ms - 153[0m
[0mGET /css/layout.css [33m404[0m 131.358 ms - 153[0m
[0mGET /js/toggle_likes.js [33m404[0m 49.000 ms - 157[0m
[0mGET /js/home_posts.js [33m404[0m 48.562 ms - 155[0m
[0mGET /js/home_post_comments.js [33m404[0m 48.580 ms - 163[0m
[0mGET /js/chat_engine.js [33m404[0m 35.077 ms - 156[0m
[0mGET /css/header.css [33m404[0m 52.362 ms - 153[0m
[0mGET /css/footer.css [33m404[0m 54.248 ms - 153[0m
[0mGET /js/home_posts.js [33m404[0m 11.392 ms - 155[0m
[0mGET /js/toggle_likes.js [33m404[0m 6.036 ms - 157[0m
[0mGET /js/chat_engine.js [33m404[0m 4.668 ms - 156[0m
[0mGET /users/profile/5f74156c0f4be83d0c8e5e78 [36m304[0m 23.785 ms - -[0m
[0mGET /css/layout.css [33m404[0m 25.312 ms - 153[0m
[0mGET /css/header.css [33m404[0m 27.338 ms - 153[0m
[0mGET /css/footer.css [33m404[0m 35.368 ms - 153[0m
[0mGET /css/user_profile.css [33m404[0m 35.161 ms - 159[0m
[0mGET /css/header.css [33m404[0m 35.455 ms - 153[0m
[0mGET /css/layout.css [33m404[0m 30.074 ms - 153[0m
[0mGET /css/footer.css [33m404[0m 28.669 ms - 153[0m
[0mGET /css/user_profile.css [33m404[0m 28.622 ms - 159[0m
[0mGET /users/profile/5f74156c0f4be83d0c8e5e78 [36m304[0m 62.810 ms - -[0m
[0mGET /users/profile/5f736526338a70453ca066b7 [32m200[0m 32.703 ms - 2691[0m
[0mGET /users/sign-out [36m302[0m 50.580 ms - 46[0m
[0mGET / [32m200[0m 89.820 ms - 9311[0m
[0mGET /users/sign-in [36m304[0m 16.952 ms - -[0m
[0mGET /users/auth/google [36m302[0m 12.612 ms - 0[0m
[0mGET /users/auth/google/callback?code=4%2F4wFyqybPyu_ErB7D8Fg2B5AiTe7LZzo93PF8sJHFiGXzH9W6DcOIiv3MxjWVeH-hwFpfcKDdzWFpqk98g9u7pyY&scope=email+profile+https%3A%2F%2Fwww.googleapis.com%2Fauth%2Fuserinfo.profile+https%3A%2F%2Fwww.googleapis.com%2Fauth%2Fuserinfo.email+openid&authuser=2&prompt=consent [36m302[0m 1359.726 ms - 46[0m
[0mGET / [32m200[0m 53.086 ms - 13368[0m
[0mGET / [32m200[0m 2050.088 ms - 9013[0m
[0mGET /favicon.ico [33m404[0m 10.204 ms - 150[0m
[0mGET /users/profile/5f736526338a70453ca066b7 [36m302[0m 54.667 ms - 72[0m
[0mGET /users/sign-in [36m304[0m 13.403 ms - -[0m
[0mGET /users/auth/google [36m302[0m 12.926 ms - 0[0m
[0mGET /users/auth/google/callback?code=4%2F4wFW7uoPr5kMIPEKAIuNi2cBNVC8csMO1Nngt72R5xjGjYSwZ9Oz3aflhtc4NV89C6jsQbrmpPJynCNRlA2qf4E&scope=email+profile+https%3A%2F%2Fwww.googleapis.com%2Fauth%2Fuserinfo.profile+https%3A%2F%2Fwww.googleapis.com%2Fauth%2Fuserinfo.email+openid&authuser=2&prompt=consent [36m302[0m 1586.916 ms - 46[0m
[0mGET / [32m200[0m 40.309 ms - 13368[0m
[0mPOST /likes/toggle/?id=5f74876b4803ca66dc01b7e0&type=Comment [32m200[0m 119.903 ms - 58[0m
[0mGET / [32m200[0m 159.339 ms - 9013[0m
[0mGET /favicon.ico [33m404[0m 14.219 ms - 150[0m
[0mGET /users/sign-in [36m304[0m 16.455 ms - -[0m
[0mGET /users/auth/google [36m302[0m 11.468 ms - 0[0m
[0mGET /users/auth/google/callback?code=4%2F4wG1vnT5DHSgg5yPpK1Ev-rfM_TpG_E6WoTJZ_ht0er0hd2Xz71MDAzQLrhOD8LFiNji0oB6IDRS145HkSbEaIc&scope=email+profile+https%3A%2F%2Fwww.googleapis.com%2Fauth%2Fuserinfo.profile+https%3A%2F%2Fwww.googleapis.com%2Fauth%2Fuserinfo.email+openid&authuser=2&prompt=consent [36m302[0m 1178.077 ms - 46[0m
[0mGET / [32m200[0m 39.175 ms - 13368[0m
[0mPOST /posts/create [32m200[0m 48.892 ms - 293[0m
[0mPOST /likes/toggle/?id=5f7c70264f3da112701ac7bd&type=Post [32m200[0m 29.601 ms - 58[0m
[0mPOST /comments/create [32m200[0m 35.634 ms - 345[0m
[0mGET /comments/destroy/5f7c702e4f3da112701ac7c0 [32m200[0m 18.202 ms - 75[0m
[0mGET /posts/destroy/5f7c70264f3da112701ac7bd [32m200[0m 31.125 ms - 72[0m
[0mGET / [32m200[0m 47.160 ms - 13068[0m
[0mGET /users/sign-out [36m302[0m 8.469 ms - 46[0m
[0mGET / [32m200[0m 36.868 ms - 9311[0m
[0mGET /users/sign-in [36m304[0m 15.289 ms - -[0m
[0mPOST /users/create-session [36m302[0m 10.587 ms - 46[0m
[0mGET / [32m200[0m 37.658 ms - 13151[0m
[0mGET /users/profile/5f736526338a70453ca066b7 [32m200[0m 313.784 ms - 2323[0m
[0mGET /users/profile/5f6dea0e335390513cea158f [32m200[0m 26.887 ms - 2687[0m
[0mPOST /users/update/5f6dea0e335390513cea158f [36m302[0m 121.079 ms - 164[0m
[0mGET /users/profile/5f6dea0e335390513cea158f [32m200[0m 18.203 ms - 2687[0m
[0mGET / [32m200[0m 488.415 ms - 9013[0m
[0mGET /favicon.ico [33m404[0m 8.103 ms - 150[0m
[0mGET /users/sign-in [36m304[0m 19.327 ms - -[0m
[0mGET /users/auth/google [36m302[0m 12.309 ms - 0[0m
[0mGET /users/auth/google/callback?code=4%2F4wG_Nf-pJiii1QS0AOLmEyV0uJjdYYJW9YWO9nb4pzF82PBlQ-noKE7cUtU4BhLh5IlB4Qy1zCDkFYpNLRok0Wo&scope=email+profile+https%3A%2F%2Fwww.googleapis.com%2Fauth%2Fuserinfo.profile+https%3A%2F%2Fwww.googleapis.com%2Fauth%2Fuserinfo.email+openid&authuser=2&prompt=consent [36m302[0m 1128.503 ms - 46[0m
[0mGET / [32m200[0m 85.092 ms - 13368[0m
[0mGET / [32m200[0m 63.211 ms - 13068[0m
[0mGET /users/sign-out [36m302[0m 13.942 ms - 46[0m
[0mGET / [32m200[0m 45.201 ms - 9311[0m
[0mGET /users/sign-up [32m200[0m 15.653 ms - 2583[0m
[0mPOST /users/create [36m302[0m 34.663 ms - 72[0m
[0mGET /users/sign-in [36m304[0m 12.619 ms - -[0m
[0mPOST /users/create-session [36m302[0m 12.350 ms - 46[0m
[0mGET / [32m200[0m 67.190 ms - 12695[0m
[0mPOST /posts/create [32m200[0m 22.875 ms - 292[0m
[0mPOST /likes/toggle/?id=5f7dbd07c95c5e569c7e8736&type=Post [32m200[0m 55.475 ms - 58[0m
[0mPOST /comments/create [32m200[0m 30.674 ms - 311[0m
[0mGET / [32m200[0m 456.433 ms - 10496[0m
[0mGET /favicon.ico [33m404[0m 8.235 ms - 150[0m
[0mGET /users/profile/5f7dbcccc95c5e569c7e8735 [36m302[0m 18.691 ms - 72[0m
[0mGET /users/sign-in [36m304[0m 9.560 ms - -[0m
[0mGET / [32m200[0m 328.793 ms - 10496[0m
[0mGET /favicon.ico [33m404[0m 10.922 ms - 150[0m
[0mGET / [36m304[0m 83.355 ms - -[0m
[0mGET / [36m304[0m 142.508 ms - -[0m
[0mGET / [36m304[0m 65.538 ms - -[0m
[0mGET / [32m200[0m 134.978 ms - 10438[0m
[0mGET / [32m200[0m 80.652 ms - 10451[0m
[0mGET / [36m304[0m 75.626 ms - -[0m
[0mGET / [36m304[0m 98.941 ms - -[0m
[0mGET / [31m500[0m 75.660 ms - 1691[0m
[0mGET / [32m200[0m 67.141 ms - 10967[0m
[0mGET / [32m200[0m 53.650 ms - 10988[0m
[0mGET / [36m304[0m 63.936 ms - -[0m
[0mGET / [36m304[0m 41.615 ms - -[0m
[0mGET / [36m304[0m 54.595 ms - -[0m
[0mGET / [36m304[0m 70.241 ms - -[0m
[0mGET / [36m304[0m 50.998 ms - -[0m
[0mGET / [36m304[0m 55.691 ms - -[0m
[0mGET / [32m200[0m 43.962 ms - 10463[0m
[0mGET / [36m304[0m 147.742 ms - -[0m
[0mGET /favicon.ico [33m404[0m 8.290 ms - 150[0m
[0mGET /users/profile/5f74156c0f4be83d0c8e5e78 [36m302[0m 15.893 ms - 72[0m
[0mGET /users/sign-in [32m200[0m 12.411 ms - 2455[0m
[0mGET / [32m200[0m 58.539 ms - 10463[0m
[0mGET /users/profile/5f74156c0f4be83d0c8e5e78 [36m302[0m 5.607 ms - 72[0m
[0mGET /users/sign-in [32m200[0m 6.182 ms - 2455[0m
[0mGET / [36m304[0m 81.288 ms - -[0m
[0mGET /users/profile/5f736526338a70453ca066b7 [36m302[0m 8.017 ms - 72[0m
[0mGET /users/sign-in [36m304[0m 9.630 ms - -[0m
[0mGET /users/auth/google [36m302[0m 15.711 ms - 0[0m
[0mGET /users/auth/google/callback?code=4%2F5QGP6I9qejdYbMOGiuFTCLB321JmPnDb3viBo5ARyro1QXnFHXjQe2lNXs38dl8ETsFvXB48Pk1utFDuUMdY5oI&scope=email+profile+https%3A%2F%2Fwww.googleapis.com%2Fauth%2Fuserinfo.profile+https%3A%2F%2Fwww.googleapis.com%2Fauth%2Fuserinfo.email+openid&authuser=2&prompt=consent [36m302[0m 1363.483 ms - 46[0m
[0mGET / [32m200[0m 62.595 ms - 15676[0m
[0mGET /comments/destroy/5f75dbb90d5cda12b4416d97 [36m302[0m 5.873 ms - 36[0m
[0mGET /users/sign-in [36m304[0m 15.048 ms - -[0m
[0mGET /comments/destroy/5f75dbb90d5cda12b4416d97 [36m302[0m 5.542 ms - 36[0m
[0mGET /users/sign-in [36m304[0m 9.314 ms - -[0m
[0mGET /comments/destroy/5f75dc310d5cda12b4416d98 [36m302[0m 4.623 ms - 36[0m
[0mGET /users/sign-in [36m304[0m 11.516 ms - -[0m
[0mGET /comments/destroy/5f75dc310d5cda12b4416d98 [36m302[0m 5.635 ms - 36[0m
[0mGET /users/sign-in [36m304[0m 7.445 ms - -[0m
[0mGET /comments/destroy/5f75dc310d5cda12b4416d98 [36m302[0m 4.309 ms - 36[0m
[0mGET /users/sign-in [36m304[0m 9.005 ms - -[0m
[0mGET /comments/destroy/5f75dc310d5cda12b4416d98 [36m302[0m 3.753 ms - 36[0m
[0mGET /users/sign-in [36m304[0m 15.501 ms - -[0m
[0mGET /comments/destroy/5f75dc310d5cda12b4416d98 [36m302[0m 3.986 ms - 36[0m
[0mGET /users/sign-in [36m304[0m 9.481 ms - -[0m
[0mGET / [32m200[0m 14.305 ms - 3219[0m
[0mGET /users/sign-up [32m200[0m 10.221 ms - 2605[0m
[0mGET /users/sign-up [36m304[0m 37.904 ms - -[0m
[0mGET / [36m304[0m 156.587 ms - -[0m
[0mGET /favicon.ico [33m404[0m 14.829 ms - 150[0m
[0mGET /users/sign-in [36m304[0m 12.242 ms - -[0m
[0mGET /users/auth/google [36m302[0m 18.777 ms - 0[0m
[0mGET /users/auth/google/callback?code=4%2F5QE9QS4KiPqI47US2LC61seAKME18-MiJCo0bBQ2waqiX0gtZSNYlbzYK3nUHXQg8TvzpoCnR2MJgi8UJVmK_8A&scope=email+profile+https%3A%2F%2Fwww.googleapis.com%2Fauth%2Fuserinfo.profile+https%3A%2F%2Fwww.googleapis.com%2Fauth%2Fuserinfo.email+openid&authuser=0&prompt=consent [36m302[0m 1334.113 ms - 46[0m
[0mGET / [32m200[0m 33.276 ms - 4436[0m
[0mGET / [32m200[0m 145.543 ms - 3369[0m
[0mGET /favicon.ico [33m404[0m 11.767 ms - 150[0m
[0mGET /users/profile/5f8b1c66d09bfa23049e767e [36m302[0m 21.800 ms - 72[0m
[0mGET /users/sign-in [36m304[0m 21.383 ms - -[0m
[0mGET /users/auth/google [36m302[0m 19.547 ms - 0[0m
[0mGET /users/auth/google/callback?code=4%2F5QEGEaHvNoXuzpIpMmcOVSRCFkQDXRcHESIc02Fdl2nrmatPcsJEOKITqfx7MwUwSJjx5kdP_4ZCPjkr-rSFgN4&scope=email+profile+openid+https%3A%2F%2Fwww.googleapis.com%2Fauth%2Fuserinfo.email+https%3A%2F%2Fwww.googleapis.com%2Fauth%2Fuserinfo.profile&authuser=2&prompt=none [36m302[0m 1135.438 ms - 46[0m
[0mGET / [32m200[0m 14.898 ms - 4593[0m
[0mGET / [32m200[0m 454.693 ms - 3519[0m
[0mGET /favicon.ico [33m404[0m 25.448 ms - 150[0m
[0mGET /users/profile/5f8b1c66d09bfa23049e767e [36m302[0m 82.368 ms - 72[0m
[0mGET /users/sign-in [32m200[0m 11.395 ms - 2455[0m
[0mGET /users/auth/google [36m302[0m 14.101 ms - 0[0m
[0mGET / [32m200[0m 99.160 ms - 3519[0m
[0mGET /favicon.ico [33m404[0m 13.158 ms - 150[0m
[0mGET /users/profile/5f8b1c66d09bfa23049e767e [36m302[0m 21.109 ms - 72[0m
[0mGET /users/sign-in [32m200[0m 11.348 ms - 2455[0m
[0mGET /users/auth/google [36m302[0m 14.849 ms - 0[0m
[0mGET /users/auth/google/callback?code=4%2F0AY0e-g4aqcTY5OJkt1QBg6gXrCJ-TH77pxDv8NiJaECB2krvHXB8OnixyuMciP5YWrPv2w&scope=email+profile+https%3A%2F%2Fwww.googleapis.com%2Fauth%2Fuserinfo.profile+https%3A%2F%2Fwww.googleapis.com%2Fauth%2Fuserinfo.email+openid&authuser=0&prompt=consent [36m302[0m 1168.907 ms - 46[0m
[0mGET / [32m200[0m 36.820 ms - 4586[0m
[0mPOST /posts/create [32m200[0m 97.455 ms - 278[0m
[0mPOST /likes/toggle/?id=5fb3c116d893bd0afca4cbc4&type=Post [32m200[0m 99.213 ms - 58[0m
[0mPOST /comments/create [32m200[0m 44.602 ms - 331[0m
[0mGET / [31m500[0m 299.884 ms - 2917[0m
[0mGET / [31m500[0m 145.541 ms - 2917[0m
[0mGET / [31m500[0m 104.847 ms - 2917[0m
[0mGET / [31m500[0m 57.938 ms - 1664[0m
[0mGET / [31m500[0m 119.430 ms - 2675[0m
[0mGET / [31m500[0m 197.349 ms - 2675[0m
[0mGET / [32m200[0m 164.383 ms - 4195[0m
[0mGET /favicon.ico [33m404[0m 12.454 ms - 150[0m
[0mGET / [36m304[0m 82.244 ms - -[0m
[0mGET / [36m304[0m 66.502 ms - -[0m
[0mGET /users/sign-in [32m200[0m 19.988 ms - 2455[0m
[0mGET /users/auth/google [36m302[0m 11.342 ms - 0[0m
[0mGET /users/auth/google/callback?code=4%2F0AY0e-g6rG_tmsmQPkY31XSyutiQrO6pLsy78T4ZoN_iQJx4Uns0Hgz5IdrRH0pB0oQCuZA&scope=email+profile+https%3A%2F%2Fwww.googleapis.com%2Fauth%2Fuserinfo.profile+https%3A%2F%2Fwww.googleapis.com%2Fauth%2Fuserinfo.email+openid&authuser=2&prompt=consent [36m302[0m 1637.133 ms - 46[0m
[0mGET / [31m500[0m 29.612 ms - 3100[0m
[0mGET / [31m500[0m 76.992 ms - 2581[0m
[0mGET / [31m500[0m 155.588 ms - 1664[0m
[0mGET / [31m500[0m 66.772 ms - 2581[0m
[0mGET / [31m500[0m 154.868 ms - 2386[0m
[0mGET / [31m500[0m 77.221 ms - 3063[0m
[0mGET / [31m500[0m 127.192 ms - 2581[0m
[0mGET / [31m500[0m 93.509 ms - 1665[0m
[0mGET / [32m200[0m 152.909 ms - 5779[0m
[0mGET /users/sign-out [36m302[0m 51.496 ms - 46[0m
[0mGET / [32m200[0m 39.662 ms - 4444[0m
[0mGET / [32m200[0m 68.297 ms - 4146[0m
[0mGET /users/sign-in [36m304[0m 15.574 ms - -[0m
[0mGET /users/auth/google [36m302[0m 16.260 ms - 0[0m
[0mGET /users/auth/google/callback?code=4%2F0AY0e-g4UQ34FVQJmmPMDfnrn4mS54ObYVDp2okB1C4gpYdhad4G1_6mQwJVvLUhx2Bl1Og&scope=email+profile+https%3A%2F%2Fwww.googleapis.com%2Fauth%2Fuserinfo.profile+https%3A%2F%2Fwww.googleapis.com%2Fauth%2Fuserinfo.email+openid&authuser=2&prompt=consent [36m302[0m 1606.255 ms - 46[0m
[0mGET / [32m200[0m 71.595 ms - 6079[0m
[0mGET / [32m200[0m 40.537 ms - 5779[0m
[0mGET /users/sign-out [36m302[0m 11.837 ms - 46[0m
[0mGET / [32m200[0m 32.801 ms - 4444[0m
[0mGET /users/sign-in [36m304[0m 10.858 ms - -[0m
[0mGET /users/auth/google [36m302[0m 40.775 ms - 0[0m
[0mGET /users/auth/google/callback?code=4%2F0AY0e-g6TCFZCGBZYIaqOwoiJF2yn91CXKCJgX4p2kedw8YRCPUUVzyupWn48eVlFBASPqw&scope=email+profile+https%3A%2F%2Fwww.googleapis.com%2Fauth%2Fuserinfo.profile+https%3A%2F%2Fwww.googleapis.com%2Fauth%2Fuserinfo.email+openid&authuser=3&prompt=consent [36m302[0m 1369.562 ms - 46[0m
[0mGET / [32m200[0m 40.820 ms - 6178[0m
[0mPOST /posts/create [32m200[0m 91.978 ms - 275[0m
[0mPOST /likes/toggle/?id=5fec86a812fffa679c4fb72e&type=Post [32m200[0m 27.292 ms - 58[0m
[0mPOST /comments/create [32m200[0m 16.629 ms - 333[0m
[0mGET /comments/destroy/5fec86b412fffa679c4fb731 [32m200[0m 25.661 ms - 75[0m
[0mGET /posts/destroy/5fec86a812fffa679c4fb72e [32m200[0m 26.496 ms - 72[0m
[0mGET / [32m200[0m 265.451 ms - 4250[0m
[0mGET /favicon.ico [33m404[0m 11.916 ms - 150[0m
